{"/Users/julianzthong/Desktop/Hack_Reactor/FEC/config.js": {"path":"/Users/julianzthong/Desktop/Hack_Reactor/FEC/config.js","statementMap":{"0":{"start":{"line":1,"column":18},"end":{"line":3,"column":1}}},"fnMap":{},"branchMap":{},"s":{"0":2},"f":{},"b":{},"_coverageSchema":"1a1c01bbd47fc00a2c39e90264f33305004495a9","hash":"a6663d6e74ad4f3f205c3ffb453fda66f87084b5"}
,"/Users/julianzthong/Desktop/Hack_Reactor/FEC/client/src/Atelier.js": {"path":"/Users/julianzthong/Desktop/Hack_Reactor/FEC/client/src/Atelier.js","statementMap":{"0":{"start":{"line":20,"column":4},"end":{"line":20,"column":74}},"1":{"start":{"line":24,"column":4},"end":{"line":24,"column":43}},"2":{"start":{"line":28,"column":4},"end":{"line":28,"column":56}},"3":{"start":{"line":32,"column":4},"end":{"line":32,"column":68}},"4":{"start":{"line":36,"column":4},"end":{"line":36,"column":72}},"5":{"start":{"line":40,"column":4},"end":{"line":40,"column":106}},"6":{"start":{"line":44,"column":4},"end":{"line":44,"column":61}},"7":{"start":{"line":48,"column":4},"end":{"line":48,"column":64}},"8":{"start":{"line":52,"column":4},"end":{"line":52,"column":94}},"9":{"start":{"line":56,"column":14},"end":{"line":63,"column":6}},"10":{"start":{"line":64,"column":4},"end":{"line":64,"column":28}},"11":{"start":{"line":68,"column":14},"end":{"line":76,"column":6}},"12":{"start":{"line":77,"column":4},"end":{"line":77,"column":15}},"13":{"start":{"line":81,"column":14},"end":{"line":86,"column":6}},"14":{"start":{"line":87,"column":4},"end":{"line":87,"column":16}}},"fnMap":{"0":{"name":"(anonymous_0)","decl":{"start":{"line":19,"column":2},"end":{"line":19,"column":3}},"loc":{"start":{"line":19,"column":16},"end":{"line":21,"column":3}},"line":19},"1":{"name":"(anonymous_1)","decl":{"start":{"line":23,"column":2},"end":{"line":23,"column":3}},"loc":{"start":{"line":23,"column":22},"end":{"line":25,"column":3}},"line":23},"2":{"name":"(anonymous_2)","decl":{"start":{"line":27,"column":2},"end":{"line":27,"column":3}},"loc":{"start":{"line":27,"column":27},"end":{"line":29,"column":3}},"line":27},"3":{"name":"(anonymous_3)","decl":{"start":{"line":31,"column":2},"end":{"line":31,"column":3}},"loc":{"start":{"line":31,"column":29},"end":{"line":33,"column":3}},"line":31},"4":{"name":"(anonymous_4)","decl":{"start":{"line":35,"column":2},"end":{"line":35,"column":3}},"loc":{"start":{"line":35,"column":27},"end":{"line":37,"column":3}},"line":35},"5":{"name":"(anonymous_5)","decl":{"start":{"line":39,"column":2},"end":{"line":39,"column":3}},"loc":{"start":{"line":39,"column":49},"end":{"line":41,"column":3}},"line":39},"6":{"name":"(anonymous_6)","decl":{"start":{"line":43,"column":2},"end":{"line":43,"column":3}},"loc":{"start":{"line":43,"column":30},"end":{"line":45,"column":3}},"line":43},"7":{"name":"(anonymous_7)","decl":{"start":{"line":47,"column":2},"end":{"line":47,"column":3}},"loc":{"start":{"line":47,"column":30},"end":{"line":49,"column":3}},"line":47},"8":{"name":"(anonymous_8)","decl":{"start":{"line":51,"column":2},"end":{"line":51,"column":3}},"loc":{"start":{"line":51,"column":40},"end":{"line":53,"column":3}},"line":51},"9":{"name":"(anonymous_9)","decl":{"start":{"line":55,"column":2},"end":{"line":55,"column":3}},"loc":{"start":{"line":55,"column":27},"end":{"line":65,"column":3}},"line":55},"10":{"name":"(anonymous_10)","decl":{"start":{"line":67,"column":2},"end":{"line":67,"column":3}},"loc":{"start":{"line":67,"column":32},"end":{"line":78,"column":3}},"line":67},"11":{"name":"(anonymous_11)","decl":{"start":{"line":80,"column":2},"end":{"line":80,"column":3}},"loc":{"start":{"line":80,"column":25},"end":{"line":88,"column":3}},"line":80}},"branchMap":{},"s":{"0":2,"1":0,"2":4,"3":0,"4":3,"5":0,"6":0,"7":3,"8":0,"9":10,"10":0,"11":0,"12":0,"13":0,"14":0},"f":{"0":2,"1":0,"2":4,"3":0,"4":3,"5":0,"6":0,"7":3,"8":0,"9":10,"10":0,"11":0},"b":{},"_coverageSchema":"1a1c01bbd47fc00a2c39e90264f33305004495a9","hash":"fce5a207af6fe1faf3c8bffd340525a705271257"}
,"/Users/julianzthong/Desktop/Hack_Reactor/FEC/client/src/components/AvgRating.jsx": {"path":"/Users/julianzthong/Desktop/Hack_Reactor/FEC/client/src/components/AvgRating.jsx","statementMap":{"0":{"start":{"line":5,"column":18},"end":{"line":37,"column":1}},"1":{"start":{"line":6,"column":32},"end":{"line":6,"column":44}},"2":{"start":{"line":7,"column":33},"end":{"line":7,"column":44}},"3":{"start":{"line":9,"column":23},"end":{"line":12,"column":3}},"4":{"start":{"line":10,"column":20},"end":{"line":10,"column":103}},"5":{"start":{"line":10,"column":54},"end":{"line":10,"column":90}},"6":{"start":{"line":11,"column":4},"end":{"line":11,"column":19}},"7":{"start":{"line":14,"column":23},"end":{"line":23,"column":3}},"8":{"start":{"line":15,"column":21},"end":{"line":15,"column":53}},"9":{"start":{"line":17,"column":18},"end":{"line":17,"column":51}},"10":{"start":{"line":18,"column":4},"end":{"line":18,"column":24}},"11":{"start":{"line":20,"column":4},"end":{"line":22,"column":12}},"12":{"start":{"line":25,"column":2},"end":{"line":27,"column":18}},"13":{"start":{"line":26,"column":4},"end":{"line":26,"column":81}},"14":{"start":{"line":26,"column":34},"end":{"line":26,"column":79}},"15":{"start":{"line":29,"column":4},"end":{"line":36,"column":6}}},"fnMap":{"0":{"name":"(anonymous_0)","decl":{"start":{"line":5,"column":18},"end":{"line":5,"column":19}},"loc":{"start":{"line":5,"column":37},"end":{"line":37,"column":1}},"line":5},"1":{"name":"(anonymous_1)","decl":{"start":{"line":9,"column":23},"end":{"line":9,"column":24}},"loc":{"start":{"line":9,"column":34},"end":{"line":12,"column":3}},"line":9},"2":{"name":"(anonymous_2)","decl":{"start":{"line":10,"column":44},"end":{"line":10,"column":45}},"loc":{"start":{"line":10,"column":54},"end":{"line":10,"column":90}},"line":10},"3":{"name":"(anonymous_3)","decl":{"start":{"line":14,"column":23},"end":{"line":14,"column":24}},"loc":{"start":{"line":14,"column":35},"end":{"line":23,"column":3}},"line":14},"4":{"name":"(anonymous_4)","decl":{"start":{"line":25,"column":12},"end":{"line":25,"column":13}},"loc":{"start":{"line":25,"column":18},"end":{"line":27,"column":3}},"line":25},"5":{"name":"(anonymous_5)","decl":{"start":{"line":26,"column":25},"end":{"line":26,"column":26}},"loc":{"start":{"line":26,"column":34},"end":{"line":26,"column":79}},"line":26}},"branchMap":{"0":{"loc":{"start":{"line":20,"column":4},"end":{"line":22,"column":12}},"type":"cond-expr","locations":[{"start":{"line":21,"column":8},"end":{"line":21,"column":41}},{"start":{"line":22,"column":8},"end":{"line":22,"column":12}}],"line":20},"1":{"loc":{"start":{"line":31,"column":7},"end":{"line":33,"column":14}},"type":"cond-expr","locations":[{"start":{"line":32,"column":10},"end":{"line":32,"column":41}},{"start":{"line":33,"column":10},"end":{"line":33,"column":14}}],"line":31}},"s":{"0":2,"1":4,"2":4,"3":4,"4":0,"5":0,"6":0,"7":4,"8":3,"9":0,"10":0,"11":0,"12":4,"13":3,"14":3,"15":4},"f":{"0":4,"1":0,"2":0,"3":3,"4":3,"5":3},"b":{"0":[0,0],"1":[0,4]},"_coverageSchema":"1a1c01bbd47fc00a2c39e90264f33305004495a9","hash":"0dc6e13003bfe25fbc6ee3da26788667754f5487"}
,"/Users/julianzthong/Desktop/Hack_Reactor/FEC/client/src/components/Overview.jsx": {"path":"/Users/julianzthong/Desktop/Hack_Reactor/FEC/client/src/components/Overview.jsx","statementMap":{"0":{"start":{"line":10,"column":46},"end":{"line":10,"column":58}},"1":{"start":{"line":11,"column":32},"end":{"line":11,"column":44}},"2":{"start":{"line":12,"column":34},"end":{"line":12,"column":48}},"3":{"start":{"line":13,"column":33},"end":{"line":13,"column":45}},"4":{"start":{"line":14,"column":28},"end":{"line":14,"column":40}},"5":{"start":{"line":15,"column":35},"end":{"line":15,"column":47}},"6":{"start":{"line":17,"column":2},"end":{"line":31,"column":20}},"7":{"start":{"line":19,"column":6},"end":{"line":29,"column":7}},"8":{"start":{"line":20,"column":22},"end":{"line":20,"column":87}},"9":{"start":{"line":20,"column":70},"end":{"line":20,"column":86}},"10":{"start":{"line":21,"column":24},"end":{"line":21,"column":91}},"11":{"start":{"line":21,"column":74},"end":{"line":21,"column":90}},"12":{"start":{"line":22,"column":8},"end":{"line":22,"column":40}},"13":{"start":{"line":23,"column":8},"end":{"line":23,"column":39}},"14":{"start":{"line":24,"column":8},"end":{"line":24,"column":35}},"15":{"start":{"line":25,"column":8},"end":{"line":25,"column":49}},"16":{"start":{"line":26,"column":8},"end":{"line":26,"column":26}},"17":{"start":{"line":28,"column":8},"end":{"line":28,"column":24}},"18":{"start":{"line":30,"column":4},"end":{"line":30,"column":16}},"19":{"start":{"line":34,"column":15},"end":{"line":34,"column":21}},"20":{"start":{"line":35,"column":4},"end":{"line":40,"column":5}},"21":{"start":{"line":35,"column":17},"end":{"line":35,"column":18}},"22":{"start":{"line":36,"column":6},"end":{"line":39,"column":7}},"23":{"start":{"line":37,"column":8},"end":{"line":37,"column":26}},"24":{"start":{"line":38,"column":8},"end":{"line":38,"column":15}},"25":{"start":{"line":43,"column":2},"end":{"line":84,"column":11}}},"fnMap":{"0":{"name":"Overview","decl":{"start":{"line":8,"column":9},"end":{"line":8,"column":17}},"loc":{"start":{"line":8,"column":41},"end":{"line":86,"column":1}},"line":8},"1":{"name":"(anonymous_1)","decl":{"start":{"line":17,"column":12},"end":{"line":17,"column":13}},"loc":{"start":{"line":17,"column":18},"end":{"line":31,"column":5}},"line":17},"2":{"name":"fetchData","decl":{"start":{"line":18,"column":19},"end":{"line":18,"column":28}},"loc":{"start":{"line":18,"column":32},"end":{"line":29,"column":8}},"line":18},"3":{"name":"(anonymous_3)","decl":{"start":{"line":20,"column":61},"end":{"line":20,"column":62}},"loc":{"start":{"line":20,"column":70},"end":{"line":20,"column":86}},"line":20},"4":{"name":"(anonymous_4)","decl":{"start":{"line":21,"column":65},"end":{"line":21,"column":66}},"loc":{"start":{"line":21,"column":74},"end":{"line":21,"column":90}},"line":21},"5":{"name":"handleStyleSelect","decl":{"start":{"line":33,"column":11},"end":{"line":33,"column":28}},"loc":{"start":{"line":33,"column":37},"end":{"line":41,"column":3}},"line":33}},"branchMap":{"0":{"loc":{"start":{"line":36,"column":6},"end":{"line":39,"column":7}},"type":"if","locations":[{"start":{"line":36,"column":6},"end":{"line":39,"column":7}},{"start":{"line":36,"column":6},"end":{"line":39,"column":7}}],"line":36},"1":{"loc":{"start":{"line":45,"column":7},"end":{"line":52,"column":10}},"type":"cond-expr","locations":[{"start":{"line":46,"column":10},"end":{"line":46,"column":14}},{"start":{"line":47,"column":10},"end":{"line":52,"column":10}}],"line":45},"2":{"loc":{"start":{"line":54,"column":7},"end":{"line":62,"column":10}},"type":"cond-expr","locations":[{"start":{"line":55,"column":10},"end":{"line":55,"column":14}},{"start":{"line":56,"column":10},"end":{"line":62,"column":10}}],"line":54},"3":{"loc":{"start":{"line":65,"column":7},"end":{"line":70,"column":10}},"type":"cond-expr","locations":[{"start":{"line":66,"column":10},"end":{"line":66,"column":14}},{"start":{"line":67,"column":10},"end":{"line":70,"column":10}}],"line":65}},"s":{"0":0,"1":0,"2":0,"3":0,"4":0,"5":0,"6":0,"7":0,"8":0,"9":0,"10":0,"11":0,"12":0,"13":0,"14":0,"15":0,"16":0,"17":0,"18":0,"19":0,"20":0,"21":0,"22":0,"23":0,"24":0,"25":0},"f":{"0":0,"1":0,"2":0,"3":0,"4":0,"5":0},"b":{"0":[0,0],"1":[0,0],"2":[0,0],"3":[0,0]},"_coverageSchema":"1a1c01bbd47fc00a2c39e90264f33305004495a9","hash":"4d2350b83a3772c7fe911a371128d47979d0f01b"}
,"/Users/julianzthong/Desktop/Hack_Reactor/FEC/client/src/components/RIC-Widget.jsx": {"path":"/Users/julianzthong/Desktop/Hack_Reactor/FEC/client/src/components/RIC-Widget.jsx","statementMap":{"0":{"start":{"line":5,"column":18},"end":{"line":19,"column":1}},"1":{"start":{"line":6,"column":2},"end":{"line":18,"column":4}}},"fnMap":{"0":{"name":"(anonymous_0)","decl":{"start":{"line":5,"column":18},"end":{"line":5,"column":19}},"loc":{"start":{"line":5,"column":66},"end":{"line":19,"column":1}},"line":5}},"branchMap":{},"s":{"0":1,"1":1},"f":{"0":1},"b":{},"_coverageSchema":"1a1c01bbd47fc00a2c39e90264f33305004495a9","hash":"68d583ed1c14ebc3acdfb2cd5d294b6286e727dd"}
,"/Users/julianzthong/Desktop/Hack_Reactor/FEC/client/src/components/StarRating.jsx": {"path":"/Users/julianzthong/Desktop/Hack_Reactor/FEC/client/src/components/StarRating.jsx","statementMap":{"0":{"start":{"line":3,"column":19},"end":{"line":31,"column":1}},"1":{"start":{"line":4,"column":14},"end":{"line":4,"column":16}},"2":{"start":{"line":5,"column":2},"end":{"line":21,"column":3}},"3":{"start":{"line":5,"column":14},"end":{"line":5,"column":15}},"4":{"start":{"line":6,"column":4},"end":{"line":20,"column":5}},"5":{"start":{"line":7,"column":6},"end":{"line":7,"column":25}},"6":{"start":{"line":8,"column":6},"end":{"line":8,"column":18}},"7":{"start":{"line":9,"column":11},"end":{"line":20,"column":5}},"8":{"start":{"line":10,"column":6},"end":{"line":10,"column":23}},"9":{"start":{"line":11,"column":6},"end":{"line":11,"column":20}},"10":{"start":{"line":12,"column":11},"end":{"line":20,"column":5}},"11":{"start":{"line":13,"column":6},"end":{"line":13,"column":24}},"12":{"start":{"line":14,"column":6},"end":{"line":14,"column":20}},"13":{"start":{"line":15,"column":11},"end":{"line":20,"column":5}},"14":{"start":{"line":16,"column":6},"end":{"line":16,"column":24}},"15":{"start":{"line":17,"column":6},"end":{"line":17,"column":21}},"16":{"start":{"line":19,"column":6},"end":{"line":19,"column":23}},"17":{"start":{"line":22,"column":2},"end":{"line":30,"column":4}},"18":{"start":{"line":25,"column":8},"end":{"line":27,"column":14}}},"fnMap":{"0":{"name":"(anonymous_0)","decl":{"start":{"line":3,"column":19},"end":{"line":3,"column":20}},"loc":{"start":{"line":3,"column":35},"end":{"line":31,"column":1}},"line":3},"1":{"name":"(anonymous_1)","decl":{"start":{"line":24,"column":17},"end":{"line":24,"column":18}},"loc":{"start":{"line":25,"column":8},"end":{"line":27,"column":14}},"line":25}},"branchMap":{"0":{"loc":{"start":{"line":6,"column":4},"end":{"line":20,"column":5}},"type":"if","locations":[{"start":{"line":6,"column":4},"end":{"line":20,"column":5}},{"start":{"line":6,"column":4},"end":{"line":20,"column":5}}],"line":6},"1":{"loc":{"start":{"line":9,"column":11},"end":{"line":20,"column":5}},"type":"if","locations":[{"start":{"line":9,"column":11},"end":{"line":20,"column":5}},{"start":{"line":9,"column":11},"end":{"line":20,"column":5}}],"line":9},"2":{"loc":{"start":{"line":12,"column":11},"end":{"line":20,"column":5}},"type":"if","locations":[{"start":{"line":12,"column":11},"end":{"line":20,"column":5}},{"start":{"line":12,"column":11},"end":{"line":20,"column":5}}],"line":12},"3":{"loc":{"start":{"line":15,"column":11},"end":{"line":20,"column":5}},"type":"if","locations":[{"start":{"line":15,"column":11},"end":{"line":20,"column":5}},{"start":{"line":15,"column":11},"end":{"line":20,"column":5}}],"line":15}},"s":{"0":2,"1":0,"2":0,"3":0,"4":0,"5":0,"6":0,"7":0,"8":0,"9":0,"10":0,"11":0,"12":0,"13":0,"14":0,"15":0,"16":0,"17":0,"18":0},"f":{"0":0,"1":0},"b":{"0":[0,0],"1":[0,0],"2":[0,0],"3":[0,0]},"_coverageSchema":"1a1c01bbd47fc00a2c39e90264f33305004495a9","hash":"a82e0aa98b2268222ca0674d1fc85f325df915cd"}
,"/Users/julianzthong/Desktop/Hack_Reactor/FEC/client/src/components/RIC-Widget/ActionButton.jsx": {"path":"/Users/julianzthong/Desktop/Hack_Reactor/FEC/client/src/components/RIC-Widget/ActionButton.jsx","statementMap":{"0":{"start":{"line":3,"column":21},"end":{"line":24,"column":1}},"1":{"start":{"line":4,"column":28},"end":{"line":4,"column":42}},"2":{"start":{"line":6,"column":20},"end":{"line":10,"column":3}},"3":{"start":{"line":7,"column":4},"end":{"line":9,"column":21}},"4":{"start":{"line":12,"column":2},"end":{"line":14,"column":18}},"5":{"start":{"line":13,"column":4},"end":{"line":13,"column":16}},"6":{"start":{"line":16,"column":2},"end":{"line":23,"column":3}},"7":{"start":{"line":19,"column":96},"end":{"line":19,"column":112}},"8":{"start":{"line":20,"column":128},"end":{"line":20,"column":148}}},"fnMap":{"0":{"name":"(anonymous_0)","decl":{"start":{"line":3,"column":21},"end":{"line":3,"column":22}},"loc":{"start":{"line":3,"column":80},"end":{"line":24,"column":1}},"line":3},"1":{"name":"(anonymous_1)","decl":{"start":{"line":6,"column":20},"end":{"line":6,"column":21}},"loc":{"start":{"line":6,"column":26},"end":{"line":10,"column":3}},"line":6},"2":{"name":"(anonymous_2)","decl":{"start":{"line":12,"column":12},"end":{"line":12,"column":13}},"loc":{"start":{"line":12,"column":18},"end":{"line":14,"column":3}},"line":12},"3":{"name":"(anonymous_3)","decl":{"start":{"line":19,"column":89},"end":{"line":19,"column":90}},"loc":{"start":{"line":19,"column":95},"end":{"line":19,"column":113}},"line":19},"4":{"name":"(anonymous_4)","decl":{"start":{"line":20,"column":121},"end":{"line":20,"column":122}},"loc":{"start":{"line":20,"column":127},"end":{"line":20,"column":149}},"line":20}},"branchMap":{"0":{"loc":{"start":{"line":7,"column":4},"end":{"line":9,"column":20}},"type":"cond-expr","locations":[{"start":{"line":8,"column":6},"end":{"line":8,"column":19}},{"start":{"line":9,"column":6},"end":{"line":9,"column":20}}],"line":7},"1":{"loc":{"start":{"line":18,"column":7},"end":{"line":20,"column":155}},"type":"cond-expr","locations":[{"start":{"line":19,"column":10},"end":{"line":19,"column":119}},{"start":{"line":20,"column":10},"end":{"line":20,"column":155}}],"line":18}},"s":{"0":1,"1":7,"2":7,"3":4,"4":7,"5":4,"6":7,"7":1,"8":1},"f":{"0":7,"1":4,"2":4,"3":1,"4":1},"b":{"0":[1,3],"1":[4,3]},"_coverageSchema":"1a1c01bbd47fc00a2c39e90264f33305004495a9","hash":"2743d4d928ff40346161c401211340e4c82e5c7c"}
,"/Users/julianzthong/Desktop/Hack_Reactor/FEC/client/src/components/RIC-Widget/ComparisonModal.jsx": {"path":"/Users/julianzthong/Desktop/Hack_Reactor/FEC/client/src/components/RIC-Widget/ComparisonModal.jsx","statementMap":{"0":{"start":{"line":4,"column":24},"end":{"line":87,"column":1}},"1":{"start":{"line":5,"column":34},"end":{"line":5,"column":46}},"2":{"start":{"line":6,"column":31},"end":{"line":6,"column":43}},"3":{"start":{"line":7,"column":37},"end":{"line":7,"column":49}},"4":{"start":{"line":8,"column":32},"end":{"line":8,"column":70}},"5":{"start":{"line":9,"column":30},"end":{"line":9,"column":86}},"6":{"start":{"line":11,"column":21},"end":{"line":26,"column":3}},"7":{"start":{"line":12,"column":22},"end":{"line":12,"column":54}},"8":{"start":{"line":13,"column":22},"end":{"line":13,"column":54}},"9":{"start":{"line":15,"column":15},"end":{"line":15,"column":35}},"10":{"start":{"line":16,"column":15},"end":{"line":16,"column":35}},"11":{"start":{"line":17,"column":16},"end":{"line":17,"column":29}},"12":{"start":{"line":19,"column":4},"end":{"line":19,"column":35}},"13":{"start":{"line":20,"column":4},"end":{"line":20,"column":38}},"14":{"start":{"line":21,"column":4},"end":{"line":21,"column":40}},"15":{"start":{"line":22,"column":4},"end":{"line":25,"column":7}},"16":{"start":{"line":28,"column":28},"end":{"line":38,"column":3}},"17":{"start":{"line":29,"column":22},"end":{"line":29,"column":24}},"18":{"start":{"line":31,"column":4},"end":{"line":35,"column":7}},"19":{"start":{"line":32,"column":6},"end":{"line":34,"column":62}},"20":{"start":{"line":37,"column":4},"end":{"line":37,"column":23}},"21":{"start":{"line":40,"column":24},"end":{"line":50,"column":3}},"22":{"start":{"line":41,"column":17},"end":{"line":41,"column":19}},"23":{"start":{"line":43,"column":4},"end":{"line":47,"column":7}},"24":{"start":{"line":44,"column":6},"end":{"line":46,"column":27}},"25":{"start":{"line":49,"column":4},"end":{"line":49,"column":18}},"26":{"start":{"line":52,"column":2},"end":{"line":54,"column":18}},"27":{"start":{"line":53,"column":4},"end":{"line":53,"column":83}},"28":{"start":{"line":53,"column":32},"end":{"line":53,"column":82}},"29":{"start":{"line":56,"column":2},"end":{"line":61,"column":17}},"30":{"start":{"line":57,"column":4},"end":{"line":60,"column":7}},"31":{"start":{"line":63,"column":2},"end":{"line":86,"column":3}},"32":{"start":{"line":76,"column":12},"end":{"line":80,"column":17}}},"fnMap":{"0":{"name":"(anonymous_0)","decl":{"start":{"line":4,"column":24},"end":{"line":4,"column":25}},"loc":{"start":{"line":4,"column":63},"end":{"line":87,"column":1}},"line":4},"1":{"name":"(anonymous_1)","decl":{"start":{"line":11,"column":21},"end":{"line":11,"column":22}},"loc":{"start":{"line":11,"column":33},"end":{"line":26,"column":3}},"line":11},"2":{"name":"(anonymous_2)","decl":{"start":{"line":28,"column":28},"end":{"line":28,"column":29}},"loc":{"start":{"line":28,"column":39},"end":{"line":38,"column":3}},"line":28},"3":{"name":"(anonymous_3)","decl":{"start":{"line":31,"column":18},"end":{"line":31,"column":19}},"loc":{"start":{"line":31,"column":28},"end":{"line":35,"column":5}},"line":31},"4":{"name":"(anonymous_4)","decl":{"start":{"line":40,"column":24},"end":{"line":40,"column":25}},"loc":{"start":{"line":40,"column":44},"end":{"line":50,"column":3}},"line":40},"5":{"name":"(anonymous_5)","decl":{"start":{"line":43,"column":19},"end":{"line":43,"column":20}},"loc":{"start":{"line":43,"column":29},"end":{"line":47,"column":5}},"line":43},"6":{"name":"(anonymous_6)","decl":{"start":{"line":52,"column":12},"end":{"line":52,"column":13}},"loc":{"start":{"line":52,"column":18},"end":{"line":54,"column":3}},"line":52},"7":{"name":"(anonymous_7)","decl":{"start":{"line":53,"column":23},"end":{"line":53,"column":24}},"loc":{"start":{"line":53,"column":32},"end":{"line":53,"column":82}},"line":53},"8":{"name":"(anonymous_8)","decl":{"start":{"line":56,"column":12},"end":{"line":56,"column":13}},"loc":{"start":{"line":56,"column":18},"end":{"line":61,"column":3}},"line":56},"9":{"name":"(anonymous_9)","decl":{"start":{"line":75,"column":24},"end":{"line":75,"column":25}},"loc":{"start":{"line":76,"column":12},"end":{"line":80,"column":17}},"line":76}},"branchMap":{"0":{"loc":{"start":{"line":32,"column":6},"end":{"line":34,"column":61}},"type":"cond-expr","locations":[{"start":{"line":33,"column":10},"end":{"line":33,"column":45}},{"start":{"line":34,"column":10},"end":{"line":34,"column":61}}],"line":32},"1":{"loc":{"start":{"line":44,"column":6},"end":{"line":46,"column":26}},"type":"cond-expr","locations":[{"start":{"line":45,"column":10},"end":{"line":45,"column":26}},{"start":{"line":46,"column":10},"end":{"line":46,"column":26}}],"line":44}},"s":{"0":1,"1":4,"2":4,"3":4,"4":4,"5":4,"6":4,"7":2,"8":0,"9":0,"10":0,"11":0,"12":0,"13":0,"14":0,"15":0,"16":4,"17":0,"18":0,"19":0,"20":0,"21":4,"22":4,"23":4,"24":0,"25":4,"26":4,"27":2,"28":2,"29":4,"30":2,"31":4,"32":0},"f":{"0":4,"1":2,"2":0,"3":0,"4":4,"5":0,"6":2,"7":2,"8":2,"9":0},"b":{"0":[0,0],"1":[0,0]},"_coverageSchema":"1a1c01bbd47fc00a2c39e90264f33305004495a9","hash":"f63926174fbe23d6fa97b7449e913b67fa4a5e65"}
,"/Users/julianzthong/Desktop/Hack_Reactor/FEC/client/src/components/RIC-Widget/OutfitList.jsx": {"path":"/Users/julianzthong/Desktop/Hack_Reactor/FEC/client/src/components/RIC-Widget/OutfitList.jsx","statementMap":{"0":{"start":{"line":4,"column":19},"end":{"line":121,"column":1}},"1":{"start":{"line":5,"column":35},"end":{"line":5,"column":46}},"2":{"start":{"line":6,"column":35},"end":{"line":6,"column":47}},"3":{"start":{"line":7,"column":30},"end":{"line":7,"column":45}},"4":{"start":{"line":8,"column":30},"end":{"line":8,"column":45}},"5":{"start":{"line":9,"column":28},"end":{"line":9,"column":43}},"6":{"start":{"line":11,"column":16},"end":{"line":11,"column":35}},"7":{"start":{"line":12,"column":20},"end":{"line":12,"column":28}},"8":{"start":{"line":13,"column":14},"end":{"line":13,"column":36}},"9":{"start":{"line":14,"column":18},"end":{"line":14,"column":28}},"10":{"start":{"line":16,"column":18},"end":{"line":22,"column":3}},"11":{"start":{"line":17,"column":4},"end":{"line":20,"column":5}},"12":{"start":{"line":18,"column":6},"end":{"line":18,"column":49}},"13":{"start":{"line":18,"column":29},"end":{"line":18,"column":47}},"14":{"start":{"line":19,"column":6},"end":{"line":19,"column":21}},"15":{"start":{"line":21,"column":4},"end":{"line":21,"column":20}},"16":{"start":{"line":24,"column":24},"end":{"line":30,"column":4}},"17":{"start":{"line":25,"column":25},"end":{"line":25,"column":56}},"18":{"start":{"line":25,"column":51},"end":{"line":25,"column":55}},"19":{"start":{"line":26,"column":4},"end":{"line":26,"column":36}},"20":{"start":{"line":28,"column":4},"end":{"line":28,"column":30}},"21":{"start":{"line":29,"column":4},"end":{"line":29,"column":19}},"22":{"start":{"line":32,"column":22},"end":{"line":47,"column":3}},"23":{"start":{"line":33,"column":4},"end":{"line":46,"column":5}},"24":{"start":{"line":35,"column":8},"end":{"line":35,"column":22}},"25":{"start":{"line":37,"column":8},"end":{"line":41,"column":9}},"26":{"start":{"line":38,"column":10},"end":{"line":38,"column":54}},"27":{"start":{"line":38,"column":39},"end":{"line":38,"column":52}},"28":{"start":{"line":39,"column":15},"end":{"line":41,"column":9}},"29":{"start":{"line":40,"column":12},"end":{"line":40,"column":56}},"30":{"start":{"line":40,"column":41},"end":{"line":40,"column":54}},"31":{"start":{"line":44,"column":8},"end":{"line":44,"column":23}},"32":{"start":{"line":45,"column":8},"end":{"line":45,"column":45}},"33":{"start":{"line":45,"column":30},"end":{"line":45,"column":43}},"34":{"start":{"line":49,"column":2},"end":{"line":53,"column":9}},"35":{"start":{"line":50,"column":4},"end":{"line":52,"column":43}},"36":{"start":{"line":55,"column":2},"end":{"line":59,"column":18}},"37":{"start":{"line":56,"column":4},"end":{"line":58,"column":21}},"38":{"start":{"line":61,"column":2},"end":{"line":67,"column":20}},"39":{"start":{"line":62,"column":4},"end":{"line":62,"column":57}},"40":{"start":{"line":64,"column":4},"end":{"line":66,"column":21}},"41":{"start":{"line":69,"column":2},"end":{"line":77,"column":21}},"42":{"start":{"line":70,"column":4},"end":{"line":72,"column":11}},"43":{"start":{"line":74,"column":4},"end":{"line":76,"column":20}},"44":{"start":{"line":80,"column":2},"end":{"line":119,"column":4}},"45":{"start":{"line":84,"column":55},"end":{"line":84,"column":88}},"46":{"start":{"line":90,"column":57},"end":{"line":90,"column":75}},"47":{"start":{"line":97,"column":16},"end":{"line":104,"column":47}},"48":{"start":{"line":106,"column":55},"end":{"line":106,"column":73}},"49":{"start":{"line":115,"column":53},"end":{"line":115,"column":82}}},"fnMap":{"0":{"name":"(anonymous_0)","decl":{"start":{"line":4,"column":19},"end":{"line":4,"column":20}},"loc":{"start":{"line":4,"column":52},"end":{"line":121,"column":1}},"line":4},"1":{"name":"(anonymous_1)","decl":{"start":{"line":16,"column":18},"end":{"line":16,"column":19}},"loc":{"start":{"line":16,"column":26},"end":{"line":22,"column":3}},"line":16},"2":{"name":"(anonymous_2)","decl":{"start":{"line":18,"column":16},"end":{"line":18,"column":17}},"loc":{"start":{"line":18,"column":29},"end":{"line":18,"column":47}},"line":18},"3":{"name":"(anonymous_3)","decl":{"start":{"line":24,"column":36},"end":{"line":24,"column":37}},"loc":{"start":{"line":24,"column":47},"end":{"line":30,"column":3}},"line":24},"4":{"name":"(anonymous_4)","decl":{"start":{"line":25,"column":41},"end":{"line":25,"column":42}},"loc":{"start":{"line":25,"column":51},"end":{"line":25,"column":55}},"line":25},"5":{"name":"(anonymous_5)","decl":{"start":{"line":32,"column":22},"end":{"line":32,"column":23}},"loc":{"start":{"line":32,"column":34},"end":{"line":47,"column":3}},"line":32},"6":{"name":"(anonymous_6)","decl":{"start":{"line":38,"column":26},"end":{"line":38,"column":27}},"loc":{"start":{"line":38,"column":39},"end":{"line":38,"column":52}},"line":38},"7":{"name":"(anonymous_7)","decl":{"start":{"line":40,"column":28},"end":{"line":40,"column":29}},"loc":{"start":{"line":40,"column":41},"end":{"line":40,"column":54}},"line":40},"8":{"name":"(anonymous_8)","decl":{"start":{"line":45,"column":17},"end":{"line":45,"column":18}},"loc":{"start":{"line":45,"column":30},"end":{"line":45,"column":43}},"line":45},"9":{"name":"(anonymous_9)","decl":{"start":{"line":49,"column":12},"end":{"line":49,"column":13}},"loc":{"start":{"line":49,"column":18},"end":{"line":53,"column":3}},"line":49},"10":{"name":"(anonymous_10)","decl":{"start":{"line":55,"column":12},"end":{"line":55,"column":13}},"loc":{"start":{"line":55,"column":18},"end":{"line":59,"column":3}},"line":55},"11":{"name":"(anonymous_11)","decl":{"start":{"line":61,"column":12},"end":{"line":61,"column":13}},"loc":{"start":{"line":61,"column":18},"end":{"line":67,"column":3}},"line":61},"12":{"name":"(anonymous_12)","decl":{"start":{"line":69,"column":12},"end":{"line":69,"column":13}},"loc":{"start":{"line":69,"column":18},"end":{"line":77,"column":3}},"line":69},"13":{"name":"(anonymous_13)","decl":{"start":{"line":84,"column":49},"end":{"line":84,"column":50}},"loc":{"start":{"line":84,"column":55},"end":{"line":84,"column":88}},"line":84},"14":{"name":"(anonymous_14)","decl":{"start":{"line":90,"column":51},"end":{"line":90,"column":52}},"loc":{"start":{"line":90,"column":57},"end":{"line":90,"column":75}},"line":90},"15":{"name":"(anonymous_15)","decl":{"start":{"line":96,"column":31},"end":{"line":96,"column":32}},"loc":{"start":{"line":97,"column":16},"end":{"line":104,"column":47}},"line":97},"16":{"name":"(anonymous_16)","decl":{"start":{"line":106,"column":49},"end":{"line":106,"column":50}},"loc":{"start":{"line":106,"column":55},"end":{"line":106,"column":73}},"line":106},"17":{"name":"(anonymous_17)","decl":{"start":{"line":115,"column":47},"end":{"line":115,"column":48}},"loc":{"start":{"line":115,"column":53},"end":{"line":115,"column":82}},"line":115}},"branchMap":{"0":{"loc":{"start":{"line":17,"column":4},"end":{"line":20,"column":5}},"type":"if","locations":[{"start":{"line":17,"column":4},"end":{"line":20,"column":5}},{"start":{"line":17,"column":4},"end":{"line":20,"column":5}}],"line":17},"1":{"loc":{"start":{"line":33,"column":4},"end":{"line":46,"column":5}},"type":"switch","locations":[{"start":{"line":34,"column":6},"end":{"line":41,"column":9}},{"start":{"line":43,"column":6},"end":{"line":45,"column":45}}],"line":33},"2":{"loc":{"start":{"line":37,"column":8},"end":{"line":41,"column":9}},"type":"if","locations":[{"start":{"line":37,"column":8},"end":{"line":41,"column":9}},{"start":{"line":37,"column":8},"end":{"line":41,"column":9}}],"line":37},"3":{"loc":{"start":{"line":39,"column":15},"end":{"line":41,"column":9}},"type":"if","locations":[{"start":{"line":39,"column":15},"end":{"line":41,"column":9}},{"start":{"line":39,"column":15},"end":{"line":41,"column":9}}],"line":39},"4":{"loc":{"start":{"line":50,"column":4},"end":{"line":52,"column":42}},"type":"cond-expr","locations":[{"start":{"line":51,"column":6},"end":{"line":51,"column":52}},{"start":{"line":52,"column":6},"end":{"line":52,"column":42}}],"line":50},"5":{"loc":{"start":{"line":56,"column":4},"end":{"line":58,"column":20}},"type":"cond-expr","locations":[{"start":{"line":57,"column":6},"end":{"line":57,"column":21}},{"start":{"line":58,"column":6},"end":{"line":58,"column":20}}],"line":56},"6":{"loc":{"start":{"line":64,"column":4},"end":{"line":66,"column":21}},"type":"cond-expr","locations":[{"start":{"line":65,"column":6},"end":{"line":65,"column":20}},{"start":{"line":66,"column":6},"end":{"line":66,"column":21}}],"line":64},"7":{"loc":{"start":{"line":70,"column":4},"end":{"line":72,"column":10}},"type":"cond-expr","locations":[{"start":{"line":71,"column":6},"end":{"line":71,"column":21}},{"start":{"line":72,"column":6},"end":{"line":72,"column":10}}],"line":70},"8":{"loc":{"start":{"line":74,"column":4},"end":{"line":76,"column":19}},"type":"cond-expr","locations":[{"start":{"line":75,"column":6},"end":{"line":75,"column":20}},{"start":{"line":76,"column":6},"end":{"line":76,"column":19}}],"line":74},"9":{"loc":{"start":{"line":83,"column":7},"end":{"line":85,"column":81}},"type":"cond-expr","locations":[{"start":{"line":84,"column":12},"end":{"line":84,"column":100}},{"start":{"line":85,"column":12},"end":{"line":85,"column":81}}],"line":83},"10":{"loc":{"start":{"line":88,"column":11},"end":{"line":111,"column":21}},"type":"cond-expr","locations":[{"start":{"line":89,"column":14},"end":{"line":105,"column":17}},{"start":{"line":106,"column":14},"end":{"line":111,"column":21}}],"line":88},"11":{"loc":{"start":{"line":91,"column":19},"end":{"line":93,"column":61}},"type":"cond-expr","locations":[{"start":{"line":92,"column":22},"end":{"line":92,"column":74}},{"start":{"line":93,"column":22},"end":{"line":93,"column":61}}],"line":91},"12":{"loc":{"start":{"line":107,"column":17},"end":{"line":109,"column":59}},"type":"cond-expr","locations":[{"start":{"line":108,"column":20},"end":{"line":108,"column":72}},{"start":{"line":109,"column":20},"end":{"line":109,"column":59}}],"line":107},"13":{"loc":{"start":{"line":114,"column":7},"end":{"line":116,"column":79}},"type":"cond-expr","locations":[{"start":{"line":115,"column":10},"end":{"line":115,"column":94}},{"start":{"line":116,"column":10},"end":{"line":116,"column":79}}],"line":114}},"s":{"0":1,"1":8,"2":8,"3":8,"4":8,"5":8,"6":8,"7":8,"8":8,"9":8,"10":8,"11":0,"12":0,"13":0,"14":0,"15":0,"16":8,"17":0,"18":0,"19":0,"20":0,"21":0,"22":8,"23":0,"24":0,"25":0,"26":0,"27":0,"28":0,"29":0,"30":0,"31":0,"32":0,"33":0,"34":8,"35":3,"36":8,"37":3,"38":8,"39":5,"40":5,"41":8,"42":3,"43":3,"44":8,"45":0,"46":0,"47":0,"48":0,"49":0},"f":{"0":8,"1":0,"2":0,"3":0,"4":0,"5":0,"6":0,"7":0,"8":0,"9":3,"10":3,"11":5,"12":3,"13":0,"14":0,"15":0,"16":0,"17":0},"b":{"0":[0,0],"1":[0,0],"2":[0,0],"3":[0,0],"4":[2,1],"5":[0,3],"6":[0,5],"7":[0,3],"8":[3,0],"9":[0,8],"10":[0,8],"11":[0,0],"12":[5,3],"13":[0,8]},"_coverageSchema":"1a1c01bbd47fc00a2c39e90264f33305004495a9","hash":"5eb4fa300344efa8586a853f2616cfbde3a4e6b2"}
,"/Users/julianzthong/Desktop/Hack_Reactor/FEC/client/src/components/RIC-Widget/ProductCard.jsx": {"path":"/Users/julianzthong/Desktop/Hack_Reactor/FEC/client/src/components/RIC-Widget/ProductCard.jsx","statementMap":{"0":{"start":{"line":6,"column":20},"end":{"line":58,"column":1}},"1":{"start":{"line":7,"column":28},"end":{"line":7,"column":40}},"2":{"start":{"line":8,"column":34},"end":{"line":8,"column":46}},"3":{"start":{"line":9,"column":26},"end":{"line":9,"column":38}},"4":{"start":{"line":10,"column":28},"end":{"line":10,"column":67}},"5":{"start":{"line":12,"column":24},"end":{"line":25,"column":3}},"6":{"start":{"line":13,"column":22},"end":{"line":13,"column":54}},"7":{"start":{"line":14,"column":24},"end":{"line":14,"column":58}},"8":{"start":{"line":16,"column":23},"end":{"line":16,"column":47}},"9":{"start":{"line":18,"column":4},"end":{"line":18,"column":38}},"10":{"start":{"line":19,"column":4},"end":{"line":19,"column":30}},"11":{"start":{"line":20,"column":4},"end":{"line":20,"column":49}},"12":{"start":{"line":21,"column":4},"end":{"line":24,"column":9}},"13":{"start":{"line":27,"column":2},"end":{"line":29,"column":18}},"14":{"start":{"line":28,"column":4},"end":{"line":28,"column":93}},"15":{"start":{"line":28,"column":35},"end":{"line":28,"column":91}},"16":{"start":{"line":31,"column":2},"end":{"line":57,"column":4}},"17":{"start":{"line":40,"column":52},"end":{"line":40,"column":75}}},"fnMap":{"0":{"name":"(anonymous_0)","decl":{"start":{"line":6,"column":20},"end":{"line":6,"column":21}},"loc":{"start":{"line":6,"column":108},"end":{"line":58,"column":1}},"line":6},"1":{"name":"(anonymous_1)","decl":{"start":{"line":12,"column":24},"end":{"line":12,"column":25}},"loc":{"start":{"line":12,"column":36},"end":{"line":25,"column":3}},"line":12},"2":{"name":"(anonymous_2)","decl":{"start":{"line":27,"column":12},"end":{"line":27,"column":13}},"loc":{"start":{"line":27,"column":18},"end":{"line":29,"column":3}},"line":27},"3":{"name":"(anonymous_3)","decl":{"start":{"line":28,"column":26},"end":{"line":28,"column":27}},"loc":{"start":{"line":28,"column":35},"end":{"line":28,"column":91}},"line":28},"4":{"name":"(anonymous_4)","decl":{"start":{"line":40,"column":46},"end":{"line":40,"column":47}},"loc":{"start":{"line":40,"column":52},"end":{"line":40,"column":75}},"line":40}},"branchMap":{"0":{"loc":{"start":{"line":46,"column":9},"end":{"line":48,"column":57}},"type":"cond-expr","locations":[{"start":{"line":47,"column":12},"end":{"line":47,"column":118}},{"start":{"line":48,"column":12},"end":{"line":48,"column":57}}],"line":46}},"s":{"0":1,"1":2,"2":2,"3":2,"4":2,"5":2,"6":2,"7":0,"8":0,"9":0,"10":0,"11":0,"12":0,"13":2,"14":2,"15":2,"16":2,"17":1},"f":{"0":2,"1":2,"2":2,"3":2,"4":1},"b":{"0":[0,2]},"_coverageSchema":"1a1c01bbd47fc00a2c39e90264f33305004495a9","hash":"e05c26103ab0c5ae9a323aa6782fa57f36b8b8b8"}
,"/Users/julianzthong/Desktop/Hack_Reactor/FEC/client/src/components/RIC-Widget/RelatedList.jsx": {"path":"/Users/julianzthong/Desktop/Hack_Reactor/FEC/client/src/components/RIC-Widget/RelatedList.jsx","statementMap":{"0":{"start":{"line":6,"column":20},"end":{"line":109,"column":1}},"1":{"start":{"line":7,"column":35},"end":{"line":7,"column":46}},"2":{"start":{"line":8,"column":37},"end":{"line":8,"column":49}},"3":{"start":{"line":9,"column":30},"end":{"line":9,"column":45}},"4":{"start":{"line":10,"column":29},"end":{"line":10,"column":40}},"5":{"start":{"line":11,"column":30},"end":{"line":11,"column":45}},"6":{"start":{"line":12,"column":28},"end":{"line":12,"column":43}},"7":{"start":{"line":14,"column":20},"end":{"line":14,"column":29}},"8":{"start":{"line":15,"column":14},"end":{"line":15,"column":37}},"9":{"start":{"line":16,"column":18},"end":{"line":16,"column":28}},"10":{"start":{"line":18,"column":23},"end":{"line":22,"column":3}},"11":{"start":{"line":19,"column":18},"end":{"line":19,"column":53}},"12":{"start":{"line":20,"column":25},"end":{"line":20,"column":46}},"13":{"start":{"line":21,"column":4},"end":{"line":21,"column":31}},"14":{"start":{"line":24,"column":23},"end":{"line":31,"column":4}},"15":{"start":{"line":25,"column":4},"end":{"line":30,"column":5}},"16":{"start":{"line":26,"column":6},"end":{"line":26,"column":16}},"17":{"start":{"line":27,"column":6},"end":{"line":27,"column":21}},"18":{"start":{"line":28,"column":11},"end":{"line":30,"column":5}},"19":{"start":{"line":29,"column":6},"end":{"line":29,"column":22}},"20":{"start":{"line":33,"column":22},"end":{"line":48,"column":3}},"21":{"start":{"line":34,"column":4},"end":{"line":47,"column":5}},"22":{"start":{"line":36,"column":8},"end":{"line":36,"column":22}},"23":{"start":{"line":38,"column":8},"end":{"line":42,"column":9}},"24":{"start":{"line":39,"column":10},"end":{"line":39,"column":54}},"25":{"start":{"line":39,"column":39},"end":{"line":39,"column":52}},"26":{"start":{"line":40,"column":15},"end":{"line":42,"column":9}},"27":{"start":{"line":41,"column":12},"end":{"line":41,"column":56}},"28":{"start":{"line":41,"column":41},"end":{"line":41,"column":54}},"29":{"start":{"line":45,"column":8},"end":{"line":45,"column":23}},"30":{"start":{"line":46,"column":8},"end":{"line":46,"column":45}},"31":{"start":{"line":46,"column":30},"end":{"line":46,"column":43}},"32":{"start":{"line":50,"column":2},"end":{"line":54,"column":18}},"33":{"start":{"line":51,"column":4},"end":{"line":51,"column":86}},"34":{"start":{"line":51,"column":34},"end":{"line":51,"column":84}},"35":{"start":{"line":52,"column":4},"end":{"line":52,"column":16}},"36":{"start":{"line":53,"column":4},"end":{"line":53,"column":19}},"37":{"start":{"line":56,"column":2},"end":{"line":60,"column":21}},"38":{"start":{"line":57,"column":4},"end":{"line":59,"column":21}},"39":{"start":{"line":62,"column":2},"end":{"line":70,"column":21}},"40":{"start":{"line":63,"column":4},"end":{"line":65,"column":11}},"41":{"start":{"line":67,"column":4},"end":{"line":69,"column":20}},"42":{"start":{"line":72,"column":2},"end":{"line":74,"column":16}},"43":{"start":{"line":73,"column":4},"end":{"line":73,"column":20}},"44":{"start":{"line":76,"column":2},"end":{"line":108,"column":4}},"45":{"start":{"line":80,"column":55},"end":{"line":80,"column":88}},"46":{"start":{"line":85,"column":10},"end":{"line":92,"column":43}},"47":{"start":{"line":104,"column":55},"end":{"line":104,"column":84}}},"fnMap":{"0":{"name":"(anonymous_0)","decl":{"start":{"line":6,"column":20},"end":{"line":6,"column":21}},"loc":{"start":{"line":6,"column":68},"end":{"line":109,"column":1}},"line":6},"1":{"name":"(anonymous_1)","decl":{"start":{"line":18,"column":23},"end":{"line":18,"column":24}},"loc":{"start":{"line":18,"column":35},"end":{"line":22,"column":3}},"line":18},"2":{"name":"(anonymous_2)","decl":{"start":{"line":24,"column":35},"end":{"line":24,"column":36}},"loc":{"start":{"line":24,"column":43},"end":{"line":31,"column":3}},"line":24},"3":{"name":"(anonymous_3)","decl":{"start":{"line":33,"column":22},"end":{"line":33,"column":23}},"loc":{"start":{"line":33,"column":34},"end":{"line":48,"column":3}},"line":33},"4":{"name":"(anonymous_4)","decl":{"start":{"line":39,"column":26},"end":{"line":39,"column":27}},"loc":{"start":{"line":39,"column":39},"end":{"line":39,"column":52}},"line":39},"5":{"name":"(anonymous_5)","decl":{"start":{"line":41,"column":28},"end":{"line":41,"column":29}},"loc":{"start":{"line":41,"column":41},"end":{"line":41,"column":54}},"line":41},"6":{"name":"(anonymous_6)","decl":{"start":{"line":46,"column":17},"end":{"line":46,"column":18}},"loc":{"start":{"line":46,"column":30},"end":{"line":46,"column":43}},"line":46},"7":{"name":"(anonymous_7)","decl":{"start":{"line":50,"column":12},"end":{"line":50,"column":13}},"loc":{"start":{"line":50,"column":18},"end":{"line":54,"column":3}},"line":50},"8":{"name":"(anonymous_8)","decl":{"start":{"line":51,"column":25},"end":{"line":51,"column":26}},"loc":{"start":{"line":51,"column":34},"end":{"line":51,"column":84}},"line":51},"9":{"name":"(anonymous_9)","decl":{"start":{"line":56,"column":12},"end":{"line":56,"column":13}},"loc":{"start":{"line":56,"column":18},"end":{"line":60,"column":3}},"line":56},"10":{"name":"(anonymous_10)","decl":{"start":{"line":62,"column":12},"end":{"line":62,"column":13}},"loc":{"start":{"line":62,"column":18},"end":{"line":70,"column":3}},"line":62},"11":{"name":"(anonymous_11)","decl":{"start":{"line":72,"column":12},"end":{"line":72,"column":13}},"loc":{"start":{"line":72,"column":18},"end":{"line":74,"column":3}},"line":72},"12":{"name":"(anonymous_12)","decl":{"start":{"line":80,"column":49},"end":{"line":80,"column":50}},"loc":{"start":{"line":80,"column":55},"end":{"line":80,"column":88}},"line":80},"13":{"name":"(anonymous_13)","decl":{"start":{"line":84,"column":26},"end":{"line":84,"column":27}},"loc":{"start":{"line":85,"column":10},"end":{"line":92,"column":43}},"line":85},"14":{"name":"(anonymous_14)","decl":{"start":{"line":104,"column":49},"end":{"line":104,"column":50}},"loc":{"start":{"line":104,"column":55},"end":{"line":104,"column":84}},"line":104}},"branchMap":{"0":{"loc":{"start":{"line":25,"column":4},"end":{"line":30,"column":5}},"type":"if","locations":[{"start":{"line":25,"column":4},"end":{"line":30,"column":5}},{"start":{"line":25,"column":4},"end":{"line":30,"column":5}}],"line":25},"1":{"loc":{"start":{"line":28,"column":11},"end":{"line":30,"column":5}},"type":"if","locations":[{"start":{"line":28,"column":11},"end":{"line":30,"column":5}},{"start":{"line":28,"column":11},"end":{"line":30,"column":5}}],"line":28},"2":{"loc":{"start":{"line":34,"column":4},"end":{"line":47,"column":5}},"type":"switch","locations":[{"start":{"line":35,"column":6},"end":{"line":42,"column":9}},{"start":{"line":44,"column":6},"end":{"line":46,"column":45}}],"line":34},"3":{"loc":{"start":{"line":38,"column":8},"end":{"line":42,"column":9}},"type":"if","locations":[{"start":{"line":38,"column":8},"end":{"line":42,"column":9}},{"start":{"line":38,"column":8},"end":{"line":42,"column":9}}],"line":38},"4":{"loc":{"start":{"line":40,"column":15},"end":{"line":42,"column":9}},"type":"if","locations":[{"start":{"line":40,"column":15},"end":{"line":42,"column":9}},{"start":{"line":40,"column":15},"end":{"line":42,"column":9}}],"line":40},"5":{"loc":{"start":{"line":57,"column":4},"end":{"line":59,"column":21}},"type":"cond-expr","locations":[{"start":{"line":58,"column":6},"end":{"line":58,"column":20}},{"start":{"line":59,"column":6},"end":{"line":59,"column":21}}],"line":57},"6":{"loc":{"start":{"line":63,"column":4},"end":{"line":65,"column":10}},"type":"cond-expr","locations":[{"start":{"line":64,"column":6},"end":{"line":64,"column":21}},{"start":{"line":65,"column":6},"end":{"line":65,"column":10}}],"line":63},"7":{"loc":{"start":{"line":67,"column":4},"end":{"line":69,"column":19}},"type":"cond-expr","locations":[{"start":{"line":68,"column":6},"end":{"line":68,"column":20}},{"start":{"line":69,"column":6},"end":{"line":69,"column":19}}],"line":67},"8":{"loc":{"start":{"line":79,"column":7},"end":{"line":81,"column":81}},"type":"cond-expr","locations":[{"start":{"line":80,"column":12},"end":{"line":80,"column":100}},{"start":{"line":81,"column":12},"end":{"line":81,"column":81}}],"line":79},"9":{"loc":{"start":{"line":96,"column":7},"end":{"line":101,"column":14}},"type":"cond-expr","locations":[{"start":{"line":97,"column":10},"end":{"line":100,"column":36}},{"start":{"line":101,"column":10},"end":{"line":101,"column":14}}],"line":96},"10":{"loc":{"start":{"line":103,"column":9},"end":{"line":105,"column":81}},"type":"cond-expr","locations":[{"start":{"line":104,"column":12},"end":{"line":104,"column":96}},{"start":{"line":105,"column":12},"end":{"line":105,"column":81}}],"line":103}},"s":{"0":1,"1":3,"2":3,"3":3,"4":3,"5":3,"6":3,"7":3,"8":3,"9":3,"10":3,"11":3,"12":0,"13":0,"14":3,"15":0,"16":0,"17":0,"18":0,"19":0,"20":3,"21":0,"22":0,"23":0,"24":0,"25":0,"26":0,"27":0,"28":0,"29":0,"30":0,"31":0,"32":3,"33":3,"34":3,"35":3,"36":3,"37":3,"38":3,"39":3,"40":3,"41":3,"42":3,"43":3,"44":3,"45":0,"46":0,"47":0},"f":{"0":3,"1":3,"2":0,"3":0,"4":0,"5":0,"6":0,"7":3,"8":3,"9":3,"10":3,"11":3,"12":0,"13":0,"14":0},"b":{"0":[0,0],"1":[0,0],"2":[0,0],"3":[0,0],"4":[0,0],"5":[0,3],"6":[0,3],"7":[3,0],"8":[0,3],"9":[0,3],"10":[0,3]},"_coverageSchema":"1a1c01bbd47fc00a2c39e90264f33305004495a9","hash":"ce9179cfbf9750153ca405d100dec7269000f383"}
,"/Users/julianzthong/Desktop/Hack_Reactor/FEC/client/src/components/overview/Cart.jsx": {"path":"/Users/julianzthong/Desktop/Hack_Reactor/FEC/client/src/components/overview/Cart.jsx","statementMap":{"0":{"start":{"line":4,"column":13},"end":{"line":120,"column":1}},"1":{"start":{"line":5,"column":26},"end":{"line":5,"column":52}},"2":{"start":{"line":6,"column":31},"end":{"line":6,"column":43}},"3":{"start":{"line":7,"column":34},"end":{"line":7,"column":46}},"4":{"start":{"line":8,"column":38},"end":{"line":8,"column":50}},"5":{"start":{"line":9,"column":42},"end":{"line":9,"column":54}},"6":{"start":{"line":10,"column":28},"end":{"line":13,"column":4}},"7":{"start":{"line":16,"column":4},"end":{"line":16,"column":23}},"8":{"start":{"line":19,"column":2},"end":{"line":24,"column":13}},"9":{"start":{"line":20,"column":4},"end":{"line":23,"column":7}},"10":{"start":{"line":26,"column":2},"end":{"line":37,"column":21}},"11":{"start":{"line":27,"column":4},"end":{"line":35,"column":5}},"12":{"start":{"line":27,"column":17},"end":{"line":27,"column":18}},"13":{"start":{"line":28,"column":6},"end":{"line":34,"column":7}},"14":{"start":{"line":29,"column":8},"end":{"line":29,"column":24}},"15":{"start":{"line":30,"column":32},"end":{"line":30,"column":34}},"16":{"start":{"line":31,"column":8},"end":{"line":33,"column":9}},"17":{"start":{"line":31,"column":21},"end":{"line":31,"column":22}},"18":{"start":{"line":32,"column":10},"end":{"line":32,"column":40}},"19":{"start":{"line":36,"column":4},"end":{"line":36,"column":37}},"20":{"start":{"line":39,"column":2},"end":{"line":106,"column":3}},"21":{"start":{"line":59,"column":10},"end":{"line":70,"column":16}},"22":{"start":{"line":69,"column":28},"end":{"line":69,"column":85}},"23":{"start":{"line":76,"column":60},"end":{"line":76,"column":83}},"24":{"start":{"line":79,"column":8},"end":{"line":79,"column":47}},"25":{"start":{"line":84,"column":68},"end":{"line":84,"column":95}},"26":{"start":{"line":90,"column":12},"end":{"line":92,"column":13}},"27":{"start":{"line":91,"column":14},"end":{"line":91,"column":60}},"28":{"start":{"line":109,"column":38},"end":{"line":109,"column":40}},"29":{"start":{"line":110,"column":6},"end":{"line":116,"column":9}},"30":{"start":{"line":111,"column":8},"end":{"line":115,"column":13}},"31":{"start":{"line":117,"column":6},"end":{"line":117,"column":39}}},"fnMap":{"0":{"name":"(anonymous_0)","decl":{"start":{"line":4,"column":13},"end":{"line":4,"column":14}},"loc":{"start":{"line":4,"column":77},"end":{"line":120,"column":1}},"line":4},"1":{"name":"handleSubmit","decl":{"start":{"line":15,"column":11},"end":{"line":15,"column":23}},"loc":{"start":{"line":15,"column":28},"end":{"line":17,"column":3}},"line":15},"2":{"name":"(anonymous_2)","decl":{"start":{"line":19,"column":13},"end":{"line":19,"column":14}},"loc":{"start":{"line":19,"column":19},"end":{"line":24,"column":3}},"line":19},"3":{"name":"(anonymous_3)","decl":{"start":{"line":26,"column":13},"end":{"line":26,"column":14}},"loc":{"start":{"line":26,"column":19},"end":{"line":37,"column":3}},"line":26},"4":{"name":"(anonymous_4)","decl":{"start":{"line":58,"column":25},"end":{"line":58,"column":26}},"loc":{"start":{"line":58,"column":46},"end":{"line":71,"column":9}},"line":58},"5":{"name":"(anonymous_5)","decl":{"start":{"line":69,"column":21},"end":{"line":69,"column":22}},"loc":{"start":{"line":69,"column":28},"end":{"line":69,"column":85}},"line":69},"6":{"name":"(anonymous_6)","decl":{"start":{"line":76,"column":53},"end":{"line":76,"column":54}},"loc":{"start":{"line":76,"column":60},"end":{"line":76,"column":83}},"line":76},"7":{"name":"(anonymous_7)","decl":{"start":{"line":78,"column":18},"end":{"line":78,"column":19}},"loc":{"start":{"line":79,"column":8},"end":{"line":79,"column":47}},"line":79},"8":{"name":"(anonymous_8)","decl":{"start":{"line":84,"column":61},"end":{"line":84,"column":62}},"loc":{"start":{"line":84,"column":68},"end":{"line":84,"column":95}},"line":84},"9":{"name":"(anonymous_9)","decl":{"start":{"line":89,"column":28},"end":{"line":89,"column":29}},"loc":{"start":{"line":89,"column":48},"end":{"line":92,"column":14}},"line":89},"10":{"name":"parseSKUs","decl":{"start":{"line":108,"column":11},"end":{"line":108,"column":20}},"loc":{"start":{"line":108,"column":29},"end":{"line":118,"column":3}},"line":108}},"branchMap":{"0":{"loc":{"start":{"line":28,"column":6},"end":{"line":34,"column":7}},"type":"if","locations":[{"start":{"line":28,"column":6},"end":{"line":34,"column":7}},{"start":{"line":28,"column":6},"end":{"line":34,"column":7}}],"line":28},"1":{"loc":{"start":{"line":51,"column":7},"end":{"line":53,"column":97}},"type":"cond-expr","locations":[{"start":{"line":52,"column":9},"end":{"line":52,"column":62}},{"start":{"line":53,"column":9},"end":{"line":53,"column":97}}],"line":51},"2":{"loc":{"start":{"line":63,"column":14},"end":{"line":65,"column":36}},"type":"cond-expr","locations":[{"start":{"line":64,"column":16},"end":{"line":64,"column":32}},{"start":{"line":65,"column":16},"end":{"line":65,"column":36}}],"line":63},"3":{"loc":{"start":{"line":87,"column":10},"end":{"line":93,"column":13}},"type":"cond-expr","locations":[{"start":{"line":88,"column":12},"end":{"line":88,"column":16}},{"start":{"line":89,"column":12},"end":{"line":93,"column":13}}],"line":87},"4":{"loc":{"start":{"line":90,"column":12},"end":{"line":92,"column":13}},"type":"if","locations":[{"start":{"line":90,"column":12},"end":{"line":92,"column":13}},{"start":{"line":90,"column":12},"end":{"line":92,"column":13}}],"line":90},"5":{"loc":{"start":{"line":98,"column":7},"end":{"line":102,"column":12}},"type":"cond-expr","locations":[{"start":{"line":99,"column":8},"end":{"line":99,"column":12}},{"start":{"line":100,"column":8},"end":{"line":102,"column":12}}],"line":98}},"s":{"0":1,"1":2,"2":2,"3":2,"4":2,"5":2,"6":2,"7":0,"8":2,"9":1,"10":2,"11":1,"12":1,"13":6,"14":0,"15":0,"16":0,"17":0,"18":0,"19":1,"20":2,"21":12,"22":0,"23":0,"24":12,"25":0,"26":0,"27":0,"28":2,"29":2,"30":12,"31":2},"f":{"0":2,"1":0,"2":1,"3":1,"4":12,"5":0,"6":0,"7":12,"8":0,"9":0,"10":2},"b":{"0":[0,6],"1":[2,0],"2":[0,12],"3":[1,1],"4":[0,0],"5":[2,0]},"_coverageSchema":"1a1c01bbd47fc00a2c39e90264f33305004495a9","hash":"56e23100b54d40e3a05d015a0137e25d268546e8"}
,"/Users/julianzthong/Desktop/Hack_Reactor/FEC/client/src/components/overview/Description.jsx": {"path":"/Users/julianzthong/Desktop/Hack_Reactor/FEC/client/src/components/overview/Description.jsx","statementMap":{"0":{"start":{"line":3,"column":20},"end":{"line":36,"column":1}},"1":{"start":{"line":4,"column":40},"end":{"line":4,"column":78}},"2":{"start":{"line":5,"column":34},"end":{"line":5,"column":69}},"3":{"start":{"line":6,"column":30},"end":{"line":6,"column":63}},"4":{"start":{"line":8,"column":2},"end":{"line":12,"column":23}},"5":{"start":{"line":9,"column":4},"end":{"line":9,"column":49}},"6":{"start":{"line":10,"column":4},"end":{"line":10,"column":43}},"7":{"start":{"line":11,"column":4},"end":{"line":11,"column":39}},"8":{"start":{"line":14,"column":2},"end":{"line":35,"column":4}},"9":{"start":{"line":24,"column":10},"end":{"line":32,"column":35}}},"fnMap":{"0":{"name":"(anonymous_0)","decl":{"start":{"line":3,"column":20},"end":{"line":3,"column":21}},"loc":{"start":{"line":3,"column":44},"end":{"line":36,"column":1}},"line":3},"1":{"name":"(anonymous_1)","decl":{"start":{"line":8,"column":12},"end":{"line":8,"column":13}},"loc":{"start":{"line":8,"column":18},"end":{"line":12,"column":3}},"line":8},"2":{"name":"(anonymous_2)","decl":{"start":{"line":23,"column":22},"end":{"line":23,"column":23}},"loc":{"start":{"line":24,"column":10},"end":{"line":32,"column":35}},"line":24}},"branchMap":{"0":{"loc":{"start":{"line":24,"column":10},"end":{"line":32,"column":35}},"type":"cond-expr","locations":[{"start":{"line":25,"column":12},"end":{"line":28,"column":53}},{"start":{"line":29,"column":12},"end":{"line":32,"column":35}}],"line":24}},"s":{"0":1,"1":1,"2":1,"3":1,"4":1,"5":1,"6":1,"7":1,"8":1,"9":2},"f":{"0":1,"1":1,"2":2},"b":{"0":[2,0]},"_coverageSchema":"1a1c01bbd47fc00a2c39e90264f33305004495a9","hash":"4f3bd0a835ba9b12eaf560f13434d5683cb1fa36"}
,"/Users/julianzthong/Desktop/Hack_Reactor/FEC/client/src/components/overview/ImageGallery.jsx": {"path":"/Users/julianzthong/Desktop/Hack_Reactor/FEC/client/src/components/overview/ImageGallery.jsx","statementMap":{"0":{"start":{"line":6,"column":30},"end":{"line":6,"column":45}},"1":{"start":{"line":7,"column":35},"end":{"line":7,"column":54}},"2":{"start":{"line":8,"column":36},"end":{"line":8,"column":52}},"3":{"start":{"line":9,"column":38},"end":{"line":9,"column":49}},"4":{"start":{"line":11,"column":2},"end":{"line":15,"column":15}},"5":{"start":{"line":12,"column":4},"end":{"line":12,"column":24}},"6":{"start":{"line":13,"column":4},"end":{"line":13,"column":25}},"7":{"start":{"line":14,"column":4},"end":{"line":14,"column":21}},"8":{"start":{"line":18,"column":4},"end":{"line":18,"column":23}},"9":{"start":{"line":22,"column":4},"end":{"line":22,"column":31}},"10":{"start":{"line":23,"column":4},"end":{"line":23,"column":25}},"11":{"start":{"line":27,"column":4},"end":{"line":31,"column":5}},"12":{"start":{"line":28,"column":17},"end":{"line":28,"column":31}},"13":{"start":{"line":29,"column":6},"end":{"line":29,"column":26}},"14":{"start":{"line":30,"column":6},"end":{"line":30,"column":32}},"15":{"start":{"line":35,"column":4},"end":{"line":39,"column":5}},"16":{"start":{"line":36,"column":17},"end":{"line":36,"column":31}},"17":{"start":{"line":37,"column":6},"end":{"line":37,"column":26}},"18":{"start":{"line":38,"column":6},"end":{"line":38,"column":32}},"19":{"start":{"line":42,"column":2},"end":{"line":86,"column":3}},"20":{"start":{"line":69,"column":10},"end":{"line":78,"column":55}}},"fnMap":{"0":{"name":"ImageGallery","decl":{"start":{"line":5,"column":9},"end":{"line":5,"column":21}},"loc":{"start":{"line":5,"column":51},"end":{"line":87,"column":1}},"line":5},"1":{"name":"(anonymous_1)","decl":{"start":{"line":11,"column":12},"end":{"line":11,"column":13}},"loc":{"start":{"line":11,"column":18},"end":{"line":15,"column":3}},"line":11},"2":{"name":"handleViewClick","decl":{"start":{"line":17,"column":11},"end":{"line":17,"column":26}},"loc":{"start":{"line":17,"column":30},"end":{"line":19,"column":3}},"line":17},"3":{"name":"handleThumbnailClick","decl":{"start":{"line":21,"column":11},"end":{"line":21,"column":31}},"loc":{"start":{"line":21,"column":40},"end":{"line":24,"column":3}},"line":21},"4":{"name":"handleLeftClick","decl":{"start":{"line":26,"column":12},"end":{"line":26,"column":27}},"loc":{"start":{"line":26,"column":31},"end":{"line":32,"column":3}},"line":26},"5":{"name":"handleRightClick","decl":{"start":{"line":34,"column":12},"end":{"line":34,"column":28}},"loc":{"start":{"line":34,"column":32},"end":{"line":40,"column":3}},"line":34},"6":{"name":"(anonymous_6)","decl":{"start":{"line":68,"column":23},"end":{"line":68,"column":24}},"loc":{"start":{"line":69,"column":10},"end":{"line":78,"column":55}},"line":69}},"branchMap":{"0":{"loc":{"start":{"line":27,"column":4},"end":{"line":31,"column":5}},"type":"if","locations":[{"start":{"line":27,"column":4},"end":{"line":31,"column":5}},{"start":{"line":27,"column":4},"end":{"line":31,"column":5}}],"line":27},"1":{"loc":{"start":{"line":35,"column":4},"end":{"line":39,"column":5}},"type":"if","locations":[{"start":{"line":35,"column":4},"end":{"line":39,"column":5}},{"start":{"line":35,"column":4},"end":{"line":39,"column":5}}],"line":35},"2":{"loc":{"start":{"line":45,"column":6},"end":{"line":47,"column":23}},"type":"cond-expr","locations":[{"start":{"line":46,"column":8},"end":{"line":46,"column":32}},{"start":{"line":47,"column":8},"end":{"line":47,"column":23}}],"line":45},"3":{"loc":{"start":{"line":49,"column":7},"end":{"line":60,"column":14}},"type":"cond-expr","locations":[{"start":{"line":50,"column":10},"end":{"line":53,"column":10}},{"start":{"line":54,"column":10},"end":{"line":60,"column":14}}],"line":49},"4":{"loc":{"start":{"line":64,"column":7},"end":{"line":66,"column":34}},"type":"cond-expr","locations":[{"start":{"line":65,"column":10},"end":{"line":65,"column":35}},{"start":{"line":66,"column":10},"end":{"line":66,"column":34}}],"line":64},"5":{"loc":{"start":{"line":72,"column":12},"end":{"line":74,"column":34}},"type":"cond-expr","locations":[{"start":{"line":73,"column":14},"end":{"line":73,"column":30}},{"start":{"line":74,"column":14},"end":{"line":74,"column":34}}],"line":72}},"s":{"0":1,"1":1,"2":1,"3":1,"4":1,"5":1,"6":1,"7":1,"8":0,"9":0,"10":0,"11":0,"12":0,"13":0,"14":0,"15":0,"16":0,"17":0,"18":0,"19":1,"20":6},"f":{"0":1,"1":1,"2":0,"3":0,"4":0,"5":0,"6":6},"b":{"0":[0,0],"1":[0,0],"2":[0,1],"3":[0,1],"4":[0,1],"5":[1,5]},"_coverageSchema":"1a1c01bbd47fc00a2c39e90264f33305004495a9","hash":"1075f756108cadafbfc3b016eaa526d774f8e95e"}
,"/Users/julianzthong/Desktop/Hack_Reactor/FEC/client/src/components/overview/Thumbnails.jsx": {"path":"/Users/julianzthong/Desktop/Hack_Reactor/FEC/client/src/components/overview/Thumbnails.jsx","statementMap":{"0":{"start":{"line":6,"column":14},"end":{"line":6,"column":48}},"1":{"start":{"line":7,"column":4},"end":{"line":12,"column":5}},"2":{"start":{"line":7,"column":17},"end":{"line":7,"column":18}},"3":{"start":{"line":8,"column":6},"end":{"line":11,"column":7}},"4":{"start":{"line":9,"column":20},"end":{"line":9,"column":21}},"5":{"start":{"line":10,"column":8},"end":{"line":10,"column":14}},"6":{"start":{"line":13,"column":4},"end":{"line":13,"column":32}},"7":{"start":{"line":16,"column":2},"end":{"line":22,"column":3}}},"fnMap":{"0":{"name":"Thumbnail","decl":{"start":{"line":3,"column":9},"end":{"line":3,"column":18}},"loc":{"start":{"line":3,"column":71},"end":{"line":23,"column":1}},"line":3},"1":{"name":"getPhotoInfo","decl":{"start":{"line":5,"column":11},"end":{"line":5,"column":23}},"loc":{"start":{"line":5,"column":28},"end":{"line":14,"column":3}},"line":5}},"branchMap":{"0":{"loc":{"start":{"line":8,"column":6},"end":{"line":11,"column":7}},"type":"if","locations":[{"start":{"line":8,"column":6},"end":{"line":11,"column":7}},{"start":{"line":8,"column":6},"end":{"line":11,"column":7}}],"line":8}},"s":{"0":0,"1":0,"2":0,"3":0,"4":0,"5":0,"6":0,"7":6},"f":{"0":6,"1":0},"b":{"0":[0,0]},"_coverageSchema":"1a1c01bbd47fc00a2c39e90264f33305004495a9","hash":"fc40f00c49b7f115ee7f324d783dc9d2afa72772"}
,"/Users/julianzthong/Desktop/Hack_Reactor/FEC/client/src/components/overview/ZoomedPreview.jsx": {"path":"/Users/julianzthong/Desktop/Hack_Reactor/FEC/client/src/components/overview/ZoomedPreview.jsx","statementMap":{"0":{"start":{"line":4,"column":26},"end":{"line":4,"column":42}},"1":{"start":{"line":5,"column":43},"end":{"line":5,"column":59}},"2":{"start":{"line":6,"column":44},"end":{"line":6,"column":59}},"3":{"start":{"line":7,"column":26},"end":{"line":7,"column":29}},"4":{"start":{"line":8,"column":25},"end":{"line":8,"column":28}},"5":{"start":{"line":9,"column":20},"end":{"line":9,"column":21}},"6":{"start":{"line":12,"column":17},"end":{"line":12,"column":25}},"7":{"start":{"line":13,"column":26},"end":{"line":13,"column":54}},"8":{"start":{"line":14,"column":14},"end":{"line":14,"column":45}},"9":{"start":{"line":15,"column":14},"end":{"line":15,"column":44}},"10":{"start":{"line":16,"column":4},"end":{"line":16,"column":18}},"11":{"start":{"line":20,"column":17},"end":{"line":20,"column":32}},"12":{"start":{"line":21,"column":30},"end":{"line":21,"column":58}},"13":{"start":{"line":22,"column":4},"end":{"line":22,"column":29}},"14":{"start":{"line":23,"column":4},"end":{"line":23,"column":27}},"15":{"start":{"line":27,"column":4},"end":{"line":27,"column":28}},"16":{"start":{"line":30,"column":2},"end":{"line":57,"column":3}}},"fnMap":{"0":{"name":"ZoomedPreview","decl":{"start":{"line":3,"column":9},"end":{"line":3,"column":22}},"loc":{"start":{"line":3,"column":44},"end":{"line":58,"column":1}},"line":3},"1":{"name":"handleMouseMove","decl":{"start":{"line":11,"column":11},"end":{"line":11,"column":26}},"loc":{"start":{"line":11,"column":31},"end":{"line":17,"column":3}},"line":11},"2":{"name":"handleMouseEnter","decl":{"start":{"line":19,"column":11},"end":{"line":19,"column":27}},"loc":{"start":{"line":19,"column":32},"end":{"line":24,"column":3}},"line":19},"3":{"name":"handleMouseLeave","decl":{"start":{"line":26,"column":11},"end":{"line":26,"column":27}},"loc":{"start":{"line":26,"column":31},"end":{"line":28,"column":3}},"line":26}},"branchMap":{"0":{"loc":{"start":{"line":44,"column":17},"end":{"line":44,"column":44}},"type":"cond-expr","locations":[{"start":{"line":44,"column":33},"end":{"line":44,"column":35}},{"start":{"line":44,"column":38},"end":{"line":44,"column":44}}],"line":44}},"s":{"0":0,"1":0,"2":0,"3":0,"4":0,"5":0,"6":0,"7":0,"8":0,"9":0,"10":0,"11":0,"12":0,"13":0,"14":0,"15":0,"16":0},"f":{"0":0,"1":0,"2":0,"3":0},"b":{"0":[0,0]},"_coverageSchema":"1a1c01bbd47fc00a2c39e90264f33305004495a9","hash":"61b12dbe80ca822c172a17c0c1cc8efab067d7c8"}
}
