TN:
SF:config.js
FNF:0
FNH:0
DA:1,2
LF:1
LH:1
BRF:0
BRH:0
end_of_record
TN:
SF:client/src/Atelier.js
FN:19,(anonymous_0)
FN:23,(anonymous_1)
FN:27,(anonymous_2)
FN:31,(anonymous_3)
FN:35,(anonymous_4)
FN:39,(anonymous_5)
FN:43,(anonymous_6)
FN:47,(anonymous_7)
FN:51,(anonymous_8)
FN:55,(anonymous_9)
FN:67,(anonymous_10)
FN:80,(anonymous_11)
FNF:12
FNH:5
FNDA:2,(anonymous_0)
FNDA:0,(anonymous_1)
FNDA:4,(anonymous_2)
FNDA:0,(anonymous_3)
FNDA:3,(anonymous_4)
FNDA:0,(anonymous_5)
FNDA:0,(anonymous_6)
FNDA:3,(anonymous_7)
FNDA:0,(anonymous_8)
FNDA:10,(anonymous_9)
FNDA:0,(anonymous_10)
FNDA:0,(anonymous_11)
DA:20,2
DA:24,0
DA:28,4
DA:32,0
DA:36,3
DA:40,0
DA:44,0
DA:48,3
DA:52,0
DA:56,10
DA:64,0
DA:68,0
DA:77,0
DA:81,0
DA:87,0
LF:15
LH:5
BRF:0
BRH:0
end_of_record
TN:
SF:client/src/components/AvgRating.jsx
FN:5,(anonymous_0)
FN:9,(anonymous_1)
FN:10,(anonymous_2)
FN:14,(anonymous_3)
FN:25,(anonymous_4)
FN:26,(anonymous_5)
FNF:6
FNH:4
FNDA:4,(anonymous_0)
FNDA:0,(anonymous_1)
FNDA:0,(anonymous_2)
FNDA:3,(anonymous_3)
FNDA:3,(anonymous_4)
FNDA:3,(anonymous_5)
DA:5,2
DA:6,4
DA:7,4
DA:9,4
DA:10,0
DA:11,0
DA:14,4
DA:15,3
DA:17,0
DA:18,0
DA:20,0
DA:25,4
DA:26,3
DA:29,4
LF:14
LH:9
BRDA:20,0,0,0
BRDA:20,0,1,0
BRDA:31,1,0,0
BRDA:31,1,1,4
BRF:4
BRH:1
end_of_record
TN:
SF:client/src/components/Overview.jsx
FN:8,Overview
FN:17,(anonymous_1)
FN:18,fetchData
FN:20,(anonymous_3)
FN:21,(anonymous_4)
FN:33,handleStyleSelect
FNF:6
FNH:0
FNDA:0,Overview
FNDA:0,(anonymous_1)
FNDA:0,fetchData
FNDA:0,(anonymous_3)
FNDA:0,(anonymous_4)
FNDA:0,handleStyleSelect
DA:10,0
DA:11,0
DA:12,0
DA:13,0
DA:14,0
DA:15,0
DA:17,0
DA:19,0
DA:20,0
DA:21,0
DA:22,0
DA:23,0
DA:24,0
DA:25,0
DA:26,0
DA:28,0
DA:30,0
DA:34,0
DA:35,0
DA:36,0
DA:37,0
DA:38,0
DA:43,0
LF:23
LH:0
BRDA:36,0,0,0
BRDA:36,0,1,0
BRDA:45,1,0,0
BRDA:45,1,1,0
BRDA:54,2,0,0
BRDA:54,2,1,0
BRDA:65,3,0,0
BRDA:65,3,1,0
BRF:8
BRH:0
end_of_record
TN:
SF:client/src/components/RIC-Widget.jsx
FN:5,(anonymous_0)
FNF:1
FNH:1
FNDA:1,(anonymous_0)
DA:5,1
DA:6,1
LF:2
LH:2
BRF:0
BRH:0
end_of_record
TN:
SF:client/src/components/StarRating.jsx
FN:3,(anonymous_0)
FN:24,(anonymous_1)
FNF:2
FNH:0
FNDA:0,(anonymous_0)
FNDA:0,(anonymous_1)
DA:3,2
DA:4,0
DA:5,0
DA:6,0
DA:7,0
DA:8,0
DA:9,0
DA:10,0
DA:11,0
DA:12,0
DA:13,0
DA:14,0
DA:15,0
DA:16,0
DA:17,0
DA:19,0
DA:22,0
DA:25,0
LF:18
LH:1
BRDA:6,0,0,0
BRDA:6,0,1,0
BRDA:9,1,0,0
BRDA:9,1,1,0
BRDA:12,2,0,0
BRDA:12,2,1,0
BRDA:15,3,0,0
BRDA:15,3,1,0
BRF:8
BRH:0
end_of_record
TN:
SF:client/src/components/RIC-Widget/ActionButton.jsx
FN:3,(anonymous_0)
FN:6,(anonymous_1)
FN:12,(anonymous_2)
FN:19,(anonymous_3)
FN:20,(anonymous_4)
FNF:5
FNH:5
FNDA:7,(anonymous_0)
FNDA:4,(anonymous_1)
FNDA:4,(anonymous_2)
FNDA:1,(anonymous_3)
FNDA:1,(anonymous_4)
DA:3,1
DA:4,7
DA:6,7
DA:7,4
DA:12,7
DA:13,4
DA:16,7
DA:19,1
DA:20,1
LF:9
LH:9
BRDA:7,0,0,1
BRDA:7,0,1,3
BRDA:18,1,0,4
BRDA:18,1,1,3
BRF:4
BRH:4
end_of_record
TN:
SF:client/src/components/RIC-Widget/ComparisonModal.jsx
FN:4,(anonymous_0)
FN:11,(anonymous_1)
FN:28,(anonymous_2)
FN:31,(anonymous_3)
FN:40,(anonymous_4)
FN:43,(anonymous_5)
FN:52,(anonymous_6)
FN:53,(anonymous_7)
FN:56,(anonymous_8)
FN:75,(anonymous_9)
FNF:10
FNH:6
FNDA:4,(anonymous_0)
FNDA:2,(anonymous_1)
FNDA:0,(anonymous_2)
FNDA:0,(anonymous_3)
FNDA:4,(anonymous_4)
FNDA:0,(anonymous_5)
FNDA:2,(anonymous_6)
FNDA:2,(anonymous_7)
FNDA:2,(anonymous_8)
FNDA:0,(anonymous_9)
DA:4,1
DA:5,4
DA:6,4
DA:7,4
DA:8,4
DA:9,4
DA:11,4
DA:12,2
DA:13,0
DA:15,0
DA:16,0
DA:17,0
DA:19,0
DA:20,0
DA:21,0
DA:22,0
DA:28,4
DA:29,0
DA:31,0
DA:32,0
DA:37,0
DA:40,4
DA:41,4
DA:43,4
DA:44,0
DA:49,4
DA:52,4
DA:53,2
DA:56,4
DA:57,2
DA:63,4
DA:76,0
LF:32
LH:18
BRDA:32,0,0,0
BRDA:32,0,1,0
BRDA:44,1,0,0
BRDA:44,1,1,0
BRF:4
BRH:0
end_of_record
TN:
SF:client/src/components/RIC-Widget/OutfitList.jsx
FN:4,(anonymous_0)
FN:16,(anonymous_1)
FN:18,(anonymous_2)
FN:24,(anonymous_3)
FN:25,(anonymous_4)
FN:32,(anonymous_5)
FN:38,(anonymous_6)
FN:40,(anonymous_7)
FN:45,(anonymous_8)
FN:49,(anonymous_9)
FN:55,(anonymous_10)
FN:61,(anonymous_11)
FN:69,(anonymous_12)
FN:84,(anonymous_13)
FN:90,(anonymous_14)
FN:96,(anonymous_15)
FN:106,(anonymous_16)
FN:115,(anonymous_17)
FNF:18
FNH:5
FNDA:8,(anonymous_0)
FNDA:0,(anonymous_1)
FNDA:0,(anonymous_2)
FNDA:0,(anonymous_3)
FNDA:0,(anonymous_4)
FNDA:0,(anonymous_5)
FNDA:0,(anonymous_6)
FNDA:0,(anonymous_7)
FNDA:0,(anonymous_8)
FNDA:3,(anonymous_9)
FNDA:3,(anonymous_10)
FNDA:5,(anonymous_11)
FNDA:3,(anonymous_12)
FNDA:0,(anonymous_13)
FNDA:0,(anonymous_14)
FNDA:0,(anonymous_15)
FNDA:0,(anonymous_16)
FNDA:0,(anonymous_17)
DA:4,1
DA:5,8
DA:6,8
DA:7,8
DA:8,8
DA:9,8
DA:11,8
DA:12,8
DA:13,8
DA:14,8
DA:16,8
DA:17,0
DA:18,0
DA:19,0
DA:21,0
DA:24,8
DA:25,0
DA:26,0
DA:28,0
DA:29,0
DA:32,8
DA:33,0
DA:35,0
DA:37,0
DA:38,0
DA:39,0
DA:40,0
DA:44,0
DA:45,0
DA:49,8
DA:50,3
DA:55,8
DA:56,3
DA:61,8
DA:62,5
DA:64,5
DA:69,8
DA:70,3
DA:74,3
DA:80,8
DA:84,0
DA:90,0
DA:97,0
DA:106,0
DA:115,0
LF:45
LH:24
BRDA:17,0,0,0
BRDA:17,0,1,0
BRDA:33,1,0,0
BRDA:33,1,1,0
BRDA:37,2,0,0
BRDA:37,2,1,0
BRDA:39,3,0,0
BRDA:39,3,1,0
BRDA:50,4,0,2
BRDA:50,4,1,1
BRDA:56,5,0,0
BRDA:56,5,1,3
BRDA:64,6,0,0
BRDA:64,6,1,5
BRDA:70,7,0,0
BRDA:70,7,1,3
BRDA:74,8,0,3
BRDA:74,8,1,0
BRDA:83,9,0,0
BRDA:83,9,1,8
BRDA:88,10,0,0
BRDA:88,10,1,8
BRDA:91,11,0,0
BRDA:91,11,1,0
BRDA:107,12,0,5
BRDA:107,12,1,3
BRDA:114,13,0,0
BRDA:114,13,1,8
BRF:28
BRH:11
end_of_record
TN:
SF:client/src/components/RIC-Widget/ProductCard.jsx
FN:6,(anonymous_0)
FN:12,(anonymous_1)
FN:27,(anonymous_2)
FN:28,(anonymous_3)
FN:40,(anonymous_4)
FNF:5
FNH:5
FNDA:2,(anonymous_0)
FNDA:2,(anonymous_1)
FNDA:2,(anonymous_2)
FNDA:2,(anonymous_3)
FNDA:1,(anonymous_4)
DA:6,1
DA:7,2
DA:8,2
DA:9,2
DA:10,2
DA:12,2
DA:13,2
DA:14,0
DA:16,0
DA:18,0
DA:19,0
DA:20,0
DA:21,0
DA:27,2
DA:28,2
DA:31,2
DA:40,1
LF:17
LH:11
BRDA:46,0,0,0
BRDA:46,0,1,2
BRF:2
BRH:1
end_of_record
TN:
SF:client/src/components/RIC-Widget/RelatedList.jsx
FN:6,(anonymous_0)
FN:18,(anonymous_1)
FN:24,(anonymous_2)
FN:33,(anonymous_3)
FN:39,(anonymous_4)
FN:41,(anonymous_5)
FN:46,(anonymous_6)
FN:50,(anonymous_7)
FN:51,(anonymous_8)
FN:56,(anonymous_9)
FN:62,(anonymous_10)
FN:72,(anonymous_11)
FN:80,(anonymous_12)
FN:84,(anonymous_13)
FN:104,(anonymous_14)
FNF:15
FNH:7
FNDA:3,(anonymous_0)
FNDA:3,(anonymous_1)
FNDA:0,(anonymous_2)
FNDA:0,(anonymous_3)
FNDA:0,(anonymous_4)
FNDA:0,(anonymous_5)
FNDA:0,(anonymous_6)
FNDA:3,(anonymous_7)
FNDA:3,(anonymous_8)
FNDA:3,(anonymous_9)
FNDA:3,(anonymous_10)
FNDA:3,(anonymous_11)
FNDA:0,(anonymous_12)
FNDA:0,(anonymous_13)
FNDA:0,(anonymous_14)
DA:6,1
DA:7,3
DA:8,3
DA:9,3
DA:10,3
DA:11,3
DA:12,3
DA:14,3
DA:15,3
DA:16,3
DA:18,3
DA:19,3
DA:20,0
DA:21,0
DA:24,3
DA:25,0
DA:26,0
DA:27,0
DA:28,0
DA:29,0
DA:33,3
DA:34,0
DA:36,0
DA:38,0
DA:39,0
DA:40,0
DA:41,0
DA:45,0
DA:46,0
DA:50,3
DA:51,3
DA:52,3
DA:53,3
DA:56,3
DA:57,3
DA:62,3
DA:63,3
DA:67,3
DA:72,3
DA:73,3
DA:76,3
DA:80,0
DA:85,0
DA:104,0
LF:44
LH:26
BRDA:25,0,0,0
BRDA:25,0,1,0
BRDA:28,1,0,0
BRDA:28,1,1,0
BRDA:34,2,0,0
BRDA:34,2,1,0
BRDA:38,3,0,0
BRDA:38,3,1,0
BRDA:40,4,0,0
BRDA:40,4,1,0
BRDA:57,5,0,0
BRDA:57,5,1,3
BRDA:63,6,0,0
BRDA:63,6,1,3
BRDA:67,7,0,3
BRDA:67,7,1,0
BRDA:79,8,0,0
BRDA:79,8,1,3
BRDA:96,9,0,0
BRDA:96,9,1,3
BRDA:103,10,0,0
BRDA:103,10,1,3
BRF:22
BRH:6
end_of_record
TN:
SF:client/src/components/overview/Cart.jsx
FN:4,(anonymous_0)
FN:15,handleSubmit
FN:19,(anonymous_2)
FN:26,(anonymous_3)
FN:58,(anonymous_4)
FN:69,(anonymous_5)
FN:76,(anonymous_6)
FN:78,(anonymous_7)
FN:84,(anonymous_8)
FN:89,(anonymous_9)
FN:108,parseSKUs
FNF:11
FNH:6
FNDA:2,(anonymous_0)
FNDA:0,handleSubmit
FNDA:1,(anonymous_2)
FNDA:1,(anonymous_3)
FNDA:12,(anonymous_4)
FNDA:0,(anonymous_5)
FNDA:0,(anonymous_6)
FNDA:12,(anonymous_7)
FNDA:0,(anonymous_8)
FNDA:0,(anonymous_9)
FNDA:2,parseSKUs
DA:4,1
DA:5,2
DA:6,2
DA:7,2
DA:8,2
DA:9,2
DA:10,2
DA:16,0
DA:19,2
DA:20,1
DA:26,2
DA:27,1
DA:28,6
DA:29,0
DA:30,0
DA:31,0
DA:32,0
DA:36,1
DA:39,2
DA:59,12
DA:69,0
DA:76,0
DA:79,12
DA:84,0
DA:90,0
DA:91,0
DA:109,2
DA:110,2
DA:111,12
DA:117,2
LF:30
LH:20
BRDA:28,0,0,0
BRDA:28,0,1,6
BRDA:51,1,0,2
BRDA:51,1,1,0
BRDA:63,2,0,0
BRDA:63,2,1,12
BRDA:87,3,0,1
BRDA:87,3,1,1
BRDA:90,4,0,0
BRDA:90,4,1,0
BRDA:98,5,0,2
BRDA:98,5,1,0
BRF:12
BRH:6
end_of_record
TN:
SF:client/src/components/overview/Description.jsx
FN:3,(anonymous_0)
FN:8,(anonymous_1)
FN:23,(anonymous_2)
FNF:3
FNH:3
FNDA:1,(anonymous_0)
FNDA:1,(anonymous_1)
FNDA:2,(anonymous_2)
DA:3,1
DA:4,1
DA:5,1
DA:6,1
DA:8,1
DA:9,1
DA:10,1
DA:11,1
DA:14,1
DA:24,2
LF:10
LH:10
BRDA:24,0,0,2
BRDA:24,0,1,0
BRF:2
BRH:1
end_of_record
TN:
SF:client/src/components/overview/ImageGallery.jsx
FN:5,ImageGallery
FN:11,(anonymous_1)
FN:17,handleViewClick
FN:21,handleThumbnailClick
FN:26,handleLeftClick
FN:34,handleRightClick
FN:68,(anonymous_6)
FNF:7
FNH:3
FNDA:1,ImageGallery
FNDA:1,(anonymous_1)
FNDA:0,handleViewClick
FNDA:0,handleThumbnailClick
FNDA:0,handleLeftClick
FNDA:0,handleRightClick
FNDA:6,(anonymous_6)
DA:6,1
DA:7,1
DA:8,1
DA:9,1
DA:11,1
DA:12,1
DA:13,1
DA:14,1
DA:18,0
DA:22,0
DA:23,0
DA:27,0
DA:28,0
DA:29,0
DA:30,0
DA:35,0
DA:36,0
DA:37,0
DA:38,0
DA:42,1
DA:69,6
LF:21
LH:10
BRDA:27,0,0,0
BRDA:27,0,1,0
BRDA:35,1,0,0
BRDA:35,1,1,0
BRDA:45,2,0,0
BRDA:45,2,1,1
BRDA:49,3,0,0
BRDA:49,3,1,1
BRDA:64,4,0,0
BRDA:64,4,1,1
BRDA:72,5,0,1
BRDA:72,5,1,5
BRF:12
BRH:5
end_of_record
TN:
SF:client/src/components/overview/Thumbnails.jsx
FN:3,Thumbnail
FN:5,getPhotoInfo
FNF:2
FNH:1
FNDA:6,Thumbnail
FNDA:0,getPhotoInfo
DA:6,0
DA:7,0
DA:8,0
DA:9,0
DA:10,0
DA:13,0
DA:16,6
LF:7
LH:1
BRDA:8,0,0,0
BRDA:8,0,1,0
BRF:2
BRH:0
end_of_record
TN:
SF:client/src/components/overview/ZoomedPreview.jsx
FN:3,ZoomedPreview
FN:11,handleMouseMove
FN:19,handleMouseEnter
FN:26,handleMouseLeave
FNF:4
FNH:0
FNDA:0,ZoomedPreview
FNDA:0,handleMouseMove
FNDA:0,handleMouseEnter
FNDA:0,handleMouseLeave
DA:4,0
DA:5,0
DA:6,0
DA:7,0
DA:8,0
DA:9,0
DA:12,0
DA:13,0
DA:14,0
DA:15,0
DA:16,0
DA:20,0
DA:21,0
DA:22,0
DA:23,0
DA:27,0
DA:30,0
LF:17
LH:0
BRDA:44,0,0,0
BRDA:44,0,1,0
BRF:2
BRH:0
end_of_record
